<?xml version="1.0" encoding="UTF-8"?>
<!-- Generated by org.testng.reporters.JUnitXMLReporter -->
<testsuite ignored="0" hostname="Yukeshkumar-Meganathan" failures="0" tests="3" name="Test" time="39.57" errors="0" timestamp="2022-03-26T17:41:58 IST">
  <testcase classname="seleniumGrid.SeleniumGrid1" name="test1" time="30.799"/>
  <testcase classname="seleniumGrid.SeleniumGrid2" name="test2" time="33.892"/>
  <testcase classname="seleniumGrid.SeleniumGrid3" name="test3" time="39.421"/>
</testsuite> <!-- Test -->
