<?xml version="1.0" encoding="UTF-8"?>
<!-- Generated by org.testng.reporters.JUnitXMLReporter -->
<testsuite ignored="2" hostname="Yukeshkumar-Meganathan" failures="1" tests="4" name="Test" time="41.801" errors="0" timestamp="2022-03-27T15:20:57 IST">
  <testcase classname="seleniumGrid.SeleniumGrid1" name="failtest2" time="12.834">
    <skipped/>
  </testcase> <!-- failtest2 -->
  <testcase classname="seleniumGrid.SeleniumGrid1" name="failtest2" time="7.994">
    <skipped/>
  </testcase> <!-- failtest2 -->
  <testcase classname="seleniumGrid.SeleniumGrid1" name="failtest2" time="8.41">
    <failure type="java.lang.AssertionError" message="expected [] but found [Rahul Shetty Academy]">
      <![CDATA[java.lang.AssertionError: expected [] but found [Rahul Shetty Academy]
at seleniumGrid.SeleniumGrid1.failtest2(SeleniumGrid1.java:64)
at java.base/java.util.concurrent.ThreadPoolExecutor.runWorker(ThreadPoolExecutor.java:1128)
at java.base/java.util.concurrent.ThreadPoolExecutor$Worker.run(ThreadPoolExecutor.java:628)
at java.base/java.lang.Thread.run(Thread.java:829)
... Removed 18 stack frames]]>
    </failure>
  </testcase> <!-- failtest2 -->
  <testcase classname="seleniumGrid.SeleniumGrid1" name="test1" time="10.388"/>
  <testcase classname="seleniumGrid.SeleniumGrid3" name="test3" time="0.0">
    <ignored/>
  </testcase> <!-- test3 -->
  <testcase classname="seleniumGrid.SeleniumGrid2" name="test2" time="0.0">
    <ignored/>
  </testcase> <!-- test2 -->
</testsuite> <!-- Test -->
