<?xml version="1.0" encoding="UTF-8"?>
<testng-results ignored="1" total="2" passed="1" failed="0" skipped="0">
  <reporter-output>
  </reporter-output>
  <suite started-at="2022-05-07T14:05:41 IST" name="Default suite" finished-at="2022-05-07T14:05:47 IST" duration-ms="6796">
    <groups>
    </groups>
    <test started-at="2022-05-07T14:05:41 IST" name="Default test" finished-at="2022-05-07T14:05:47 IST" duration-ms="6796">
      <class name="dropdowns.CheckBoxes">
        <test-method signature="assignment()[pri:0, instance:dropdowns.CheckBoxes@7c891ba7]" started-at="2022-05-07T14:05:41 IST" name="assignment" finished-at="2022-05-07T14:05:47 IST" duration-ms="6713" status="PASS">
          <reporter-output>
          </reporter-output>
        </test-method> <!-- assignment -->
      </class> <!-- dropdowns.CheckBoxes -->
    </test> <!-- Default test -->
  </suite> <!-- Default suite -->
</testng-results>
